[main] INFO  net.Phptravels.phptravels.Login  - launching the browser...
[main] INFO  net.Phptravels.phptravels.Login  - maximizing the window....
[main] INFO  net.Phptravels.phptravels.Login  - entering mail id:raj@gmail.com
[main] INFO  net.Phptravels.phptravels.Login  - entering the password....
[main] INFO  net.Phptravels.phptravels.Login  - clicked on login button
[main] INFO  net.Phptravels.phptravels.Login  - closing browser
[main] INFO  net.Phptravels.phptravels.SignUp  - launching the browser...
[main] INFO  net.Phptravels.phptravels.SignUp  - maximizing the window....
[main] INFO  net.Phptravels.phptravels.SignUp  - entering first name:raj
[main] INFO  net.Phptravels.phptravels.SignUp  - entering last name:malhotra
[main] INFO  net.Phptravels.phptravels.SignUp  - entering mobile number:1234567890
[main] INFO  net.Phptravels.phptravels.SignUp  - entering email id:raj@gmail.com
[main] INFO  net.Phptravels.phptravels.SignUp  - entering password.....
[main] INFO  net.Phptravels.phptravels.SignUp  - clicked on sign up button
[main] INFO  net.Phptravels.phptravels.SignUp  - launching the browser...
[main] INFO  net.Phptravels.phptravels.SignUp  - maximizing the window....
[main] INFO  net.Phptravels.phptravels.SignUp  - entering first name:raj
[main] INFO  net.Phptravels.phptravels.SignUp  - entering last name:malhotra
[main] INFO  net.Phptravels.phptravels.SignUp  - entering mobile number:1234567890
[main] INFO  net.Phptravels.phptravels.SignUp  - entering email id:raj@gmail.com
[main] INFO  net.Phptravels.phptravels.SignUp  - entering password.....
[main] INFO  net.Phptravels.phptravels.SignUp  - clicked on sign up button
[main] INFO  net.Phptravels.phptravels.SignUp  - closing browser
[main] INFO  net.Phptravels.phptravels.SignUp  - executing test case for signup page.....
[main] INFO  net.Phptravels.phptravels.SignUp  - launching the browser...
[main] INFO  net.Phptravels.phptravels.SignUp  - maximizing the window....
[main] INFO  net.Phptravels.phptravels.SignUp  - entering first name:raj
[main] INFO  net.Phptravels.phptravels.SignUp  - entering last name:malhotra
[main] INFO  net.Phptravels.phptravels.SignUp  - entering mobile number:1234567890
[main] INFO  net.Phptravels.phptravels.SignUp  - entering email id:raj@gmail.com
[main] INFO  net.Phptravels.phptravels.SignUp  - entering password.....
[main] INFO  net.Phptravels.phptravels.SignUp  - clicked on sign up button
[main] INFO  net.Phptravels.phptravels.SignUp  - closing browser
[main] INFO  net.Phptravels.phptravels.Hotels  - executing hotels page....
[main] INFO  net.Phptravels.phptravels.Hotels  - launching the browser...
[main] INFO  net.Phptravels.phptravels.Hotels  - maximizing the window....
[main] INFO  net.Phptravels.phptravels.Hotels  - entering city name :mumbai
[main] INFO  net.Phptravels.phptravels.Hotels  - entering checkIn date
[main] INFO  net.Phptravels.phptravels.Hotels  - entering check Out date
[main] INFO  net.Phptravels.phptravels.Hotels  - entering adults count
[main] INFO  net.Phptravels.phptravels.Hotels  - entering childs count 
[main] INFO  net.Phptravels.phptravels.Tours  - executing tours page
[main] INFO  net.Phptravels.phptravels.Tours  - launching the browser...
[main] INFO  net.Phptravels.phptravels.Tours  - maximizing the window....
[main] INFO  net.Phptravels.phptravels.Tours  - entering city nameSheraton
[main] INFO  net.Phptravels.phptravels.Tours  - select tour type..
[main] INFO  net.Phptravels.phptravels.Tours  - entering check in date
[main] INFO  net.Phptravels.phptravels.Tours  - entering guest count
[main] INFO  net.Phptravels.phptravels.Tours  - clicked on search button
[main] INFO  net.Phptravels.phptravels.Tours  - closing browser
[main] INFO  net.Phptravels.phptravels.Login  - executing test case for login page.....
[main] INFO  net.Phptravels.phptravels.Login  - launching the browser...
[main] INFO  net.Phptravels.phptravels.Login  - maximizing the window....
[main] INFO  net.Phptravels.phptravels.Login  - entering mail id:raj@gmail.com
[main] INFO  net.Phptravels.phptravels.Login  - entering the password....
[main] INFO  net.Phptravels.phptravels.Login  - clicked on login button
[main] INFO  net.Phptravels.phptravels.Login  - taking screensht
[main] INFO  net.Phptravels.phptravels.Login  - closing browser
[main] INFO  net.Phptravels.phptravels.Login  - executing test case for login page.....
[main] INFO  net.Phptravels.phptravels.Login  - launching the browser...
[main] INFO  net.Phptravels.phptravels.Login  - maximizing the window....
[main] INFO  net.Phptravels.phptravels.Login  - entering mail id:raj@gmail.com
[main] INFO  net.Phptravels.phptravels.Login  - entering the password....
[main] INFO  net.Phptravels.phptravels.Login  - clicked on login button
[main] INFO  net.Phptravels.phptravels.Login  - taking screensht
[main] INFO  net.Phptravels.phptravels.Login  - closing browser
[main] INFO  net.Phptravels.phptravels.SignUp  - executing test case for signup page.....
[main] INFO  net.Phptravels.phptravels.SignUp  - launching the browser...
[main] INFO  net.Phptravels.phptravels.SignUp  - maximizing the window....
[main] INFO  net.Phptravels.phptravels.SignUp  - entering first name:raj
[main] INFO  net.Phptravels.phptravels.SignUp  - entering last name:malhotra
[main] INFO  net.Phptravels.phptravels.SignUp  - entering mobile number:1234567890
[main] INFO  net.Phptravels.phptravels.SignUp  - entering email id:raj@gmail.com
[main] INFO  net.Phptravels.phptravels.SignUp  - entering password.....
[main] INFO  net.Phptravels.phptravels.SignUp  - clicked on sign up button
[main] INFO  net.Phptravels.phptravels.SignUp  - taking screensht
[main] INFO  net.Phptravels.phptravels.SignUp  - closing browser
[main] INFO  net.Phptravels.phptravels.Hotels  - executing hotels page....
[main] INFO  net.Phptravels.phptravels.Hotels  - launching the browser...
[main] INFO  net.Phptravels.phptravels.Hotels  - maximizing the window....
[main] INFO  net.Phptravels.phptravels.Hotels  - entering city name :mumbai
[main] INFO  net.Phptravels.phptravels.Hotels  - entering checkIn date
[main] INFO  net.Phptravels.phptravels.Hotels  - entering check Out date
[main] INFO  net.Phptravels.phptravels.Hotels  - entering adults count
[main] INFO  net.Phptravels.phptravels.Hotels  - entering childs count 
[main] INFO  net.Phptravels.phptravels.Hotels  - taking screensht
[main] INFO  net.Phptravels.phptravels.Hotels  - closing browser
[main] INFO  net.Phptravels.phptravels.Tours  - executing tours page
[main] INFO  net.Phptravels.phptravels.Tours  - launching the browser...
[main] INFO  net.Phptravels.phptravels.Tours  - maximizing the window....
[main] INFO  net.Phptravels.phptravels.Tours  - entering city nameSheraton
[main] INFO  net.Phptravels.phptravels.Tours  - select tour type..
[main] INFO  net.Phptravels.phptravels.Tours  - entering check in date
[main] INFO  net.Phptravels.phptravels.Tours  - entering guest count
[main] INFO  net.Phptravels.phptravels.Tours  - clicked on search button
[main] INFO  net.Phptravels.phptravels.Tours  - taking screensht
[main] INFO  net.Phptravels.phptravels.Tours  - closing browser
[main] INFO  net.Phptravels.phptravels.Login  - executing test case for login page.....
[main] INFO  net.Phptravels.phptravels.Login  - launching the browser...
[main] INFO  net.Phptravels.phptravels.Login  - maximizing the window....
[main] INFO  net.Phptravels.phptravels.Login  - executing test case for login page.....
[main] INFO  net.Phptravels.phptravels.Login  - launching the browser...
[main] INFO  net.Phptravels.phptravels.Login  - maximizing the window....
[main] INFO  net.Phptravels.phptravels.Login  - executing test case for login page.....
[main] INFO  net.Phptravels.phptravels.Login  - launching the browser...
[main] INFO  net.Phptravels.phptravels.Login  - maximizing the window....
[main] INFO  net.Phptravels.phptravels.Login  - entering mail id:raj@gmail.com
[main] INFO  net.Phptravels.phptravels.Login  - entering the password....
[main] INFO  net.Phptravels.phptravels.Login  - clicked on login button
[main] INFO  net.Phptravels.phptravels.Login  - taking screenshot.....
[main] INFO  net.Phptravels.phptravels.Login  - closing browser
[main] INFO  net.Phptravels.phptravels.SignUp  - executing test case for signup page.....
[main] INFO  net.Phptravels.phptravels.SignUp  - launching the browser...
[main] INFO  net.Phptravels.phptravels.SignUp  - maximizing the window....
[main] INFO  net.Phptravels.phptravels.SignUp  - entering first name:raj
[main] INFO  net.Phptravels.phptravels.SignUp  - entering last name:malhotra
[main] INFO  net.Phptravels.phptravels.SignUp  - entering mobile number:1234567890
[main] INFO  net.Phptravels.phptravels.SignUp  - entering email id:raj@gmail.com
[main] INFO  net.Phptravels.phptravels.SignUp  - entering password.....
[main] INFO  net.Phptravels.phptravels.SignUp  - clicked on sign up button
[main] INFO  net.Phptravels.phptravels.SignUp  - taking screensht
[main] INFO  net.Phptravels.phptravels.SignUp  - closing browser
[main] INFO  net.Phptravels.phptravels.SignUp  - executing test case for signup page.....
[main] INFO  net.Phptravels.phptravels.SignUp  - launching the browser...
[main] INFO  net.Phptravels.phptravels.SignUp  - maximizing the window....
[main] INFO  net.Phptravels.phptravels.SignUp  - entering first name:raj
[main] INFO  net.Phptravels.phptravels.SignUp  - entering last name:malhotra
[main] INFO  net.Phptravels.phptravels.SignUp  - entering mobile number:1234567890
[main] INFO  net.Phptravels.phptravels.SignUp  - entering email id:raj@gmail.com
[main] INFO  net.Phptravels.phptravels.SignUp  - entering password.....
[main] INFO  net.Phptravels.phptravels.SignUp  - clicked on sign up button
[main] INFO  net.Phptravels.phptravels.SignUp  - taking screenshot
[main] INFO  net.Phptravels.phptravels.SignUp  - closing browser
[main] INFO  net.Phptravels.phptravels.SignUp  - executing test case for signup page.....
[main] INFO  net.Phptravels.phptravels.SignUp  - launching the browser...
[main] INFO  net.Phptravels.phptravels.SignUp  - maximizing the window....
[main] INFO  net.Phptravels.phptravels.SignUp  - entering first name:raj
[main] INFO  net.Phptravels.phptravels.SignUp  - entering last name:malhotra
[main] INFO  net.Phptravels.phptravels.SignUp  - entering mobile number:1234567890
[main] INFO  net.Phptravels.phptravels.SignUp  - entering email id:raj@gmail.com
[main] INFO  net.Phptravels.phptravels.SignUp  - entering password.....
[main] INFO  net.Phptravels.phptravels.SignUp  - clicked on sign up button
[main] INFO  net.Phptravels.phptravels.SignUp  - executing test case for signup page.....
[main] INFO  net.Phptravels.phptravels.SignUp  - launching the browser...
[main] INFO  net.Phptravels.phptravels.SignUp  - maximizing the window....
[main] INFO  net.Phptravels.phptravels.SignUp  - entering first name:raj
[main] INFO  net.Phptravels.phptravels.SignUp  - entering last name:malhotra
[main] INFO  net.Phptravels.phptravels.SignUp  - entering mobile number:1234567890
[main] INFO  net.Phptravels.phptravels.SignUp  - entering email id:raj@gmail.com
[main] INFO  net.Phptravels.phptravels.SignUp  - entering password.....
[main] INFO  net.Phptravels.phptravels.SignUp  - clicked on sign up button
[main] INFO  net.Phptravels.phptravels.SignUp  - executing test case for signup page.....
[main] INFO  net.Phptravels.phptravels.SignUp  - launching the browser...
[main] INFO  net.Phptravels.phptravels.SignUp  - maximizing the window....
[main] INFO  net.Phptravels.phptravels.SignUp  - entering first name:raj
[main] INFO  net.Phptravels.phptravels.SignUp  - entering last name:malhotra
[main] INFO  net.Phptravels.phptravels.SignUp  - entering mobile number:1234567890
[main] INFO  net.Phptravels.phptravels.SignUp  - entering email id:raj@gmail.com
[main] INFO  net.Phptravels.phptravels.SignUp  - entering password.....
[main] INFO  net.Phptravels.phptravels.SignUp  - clicked on sign up button
[main] INFO  net.Phptravels.phptravels.SignUp  - executing test case for signup page.....
[main] INFO  net.Phptravels.phptravels.SignUp  - launching the browser...
[main] INFO  net.Phptravels.phptravels.SignUp  - maximizing the window....
[main] INFO  net.Phptravels.phptravels.SignUp  - entering first name:raj
[main] INFO  net.Phptravels.phptravels.SignUp  - entering last name:malhotra
[main] INFO  net.Phptravels.phptravels.SignUp  - entering mobile number:1234567890
[main] INFO  net.Phptravels.phptravels.SignUp  - entering email id:raj@gmail.com
[main] INFO  net.Phptravels.phptravels.SignUp  - entering password.....
[main] INFO  net.Phptravels.phptravels.SignUp  - clicked on sign up button
[main] INFO  net.Phptravels.phptravels.SignUp  - executing test case for signup page.....
[main] INFO  net.Phptravels.phptravels.SignUp  - launching the browser...
[main] INFO  net.Phptravels.phptravels.SignUp  - maximizing the window....
[main] INFO  net.Phptravels.phptravels.SignUp  - entering first name:raj
[main] INFO  net.Phptravels.phptravels.SignUp  - entering last name:malhotra
[main] INFO  net.Phptravels.phptravels.SignUp  - entering mobile number:1234567890
[main] INFO  net.Phptravels.phptravels.SignUp  - entering email id:raj@gmail.com
[main] INFO  net.Phptravels.phptravels.SignUp  - entering password.....
[main] INFO  net.Phptravels.phptravels.SignUp  - clicked on sign up button
[main] INFO  net.Phptravels.phptravels.SignUp  - executing test case for signup page.....
[main] INFO  net.Phptravels.phptravels.SignUp  - launching the browser...
[main] INFO  net.Phptravels.phptravels.SignUp  - maximizing the window....
[main] INFO  net.Phptravels.phptravels.SignUp  - entering first name:raj
[main] INFO  net.Phptravels.phptravels.SignUp  - entering last name:malhotra
[main] INFO  net.Phptravels.phptravels.SignUp  - entering mobile number:1234567890
[main] INFO  net.Phptravels.phptravels.SignUp  - entering email id:raj@gmail.com
[main] INFO  net.Phptravels.phptravels.SignUp  - entering password.....
[main] INFO  net.Phptravels.phptravels.SignUp  - clicked on sign up button
[main] INFO  net.Phptravels.phptravels.SignUp  - executing test case for signup page.....
[main] INFO  net.Phptravels.phptravels.SignUp  - launching the browser...
[main] INFO  net.Phptravels.phptravels.SignUp  - maximizing the window....
[main] INFO  net.Phptravels.phptravels.SignUp  - entering first name:raj
[main] INFO  net.Phptravels.phptravels.SignUp  - entering last name:malhotra
[main] INFO  net.Phptravels.phptravels.SignUp  - entering mobile number:1234567890
[main] INFO  net.Phptravels.phptravels.SignUp  - entering email id:raj@gmail.com
[main] INFO  net.Phptravels.phptravels.SignUp  - entering password.....
[main] INFO  net.Phptravels.phptravels.SignUp  - clicked on sign up button
[main] INFO  net.Phptravels.phptravels.SignUp  - taking screenshot
[main] INFO  net.Phptravels.phptravels.SignUp  - closing browser
[main] INFO  net.Phptravels.phptravels.Hotels  - executing hotels page....
[main] INFO  net.Phptravels.phptravels.Hotels  - launching the browser...
[main] INFO  net.Phptravels.phptravels.Hotels  - maximizing the window....
[main] INFO  net.Phptravels.phptravels.Hotels  - entering city name :mumbai
[main] INFO  net.Phptravels.phptravels.Hotels  - entering checkIn date
[main] INFO  net.Phptravels.phptravels.Hotels  - entering check Out date
[main] INFO  net.Phptravels.phptravels.Hotels  - entering adults count
[main] INFO  net.Phptravels.phptravels.Hotels  - entering childs count 
[main] INFO  net.Phptravels.phptravels.Hotels  - taking screensht
[main] INFO  net.Phptravels.phptravels.Hotels  - closing browser
[main] INFO  net.Phptravels.phptravels.Tours  - executing tours page
[main] INFO  net.Phptravels.phptravels.Tours  - launching the browser...
[main] INFO  net.Phptravels.phptravels.Tours  - maximizing the window....
[main] INFO  net.Phptravels.phptravels.Tours  - entering city nameSheraton
[main] INFO  net.Phptravels.phptravels.Tours  - select tour type..
[main] INFO  net.Phptravels.phptravels.Tours  - entering check in date
[main] INFO  net.Phptravels.phptravels.Tours  - entering guest count
[main] INFO  net.Phptravels.phptravels.Tours  - clicked on search button
[main] INFO  net.Phptravels.phptravels.Tours  - taking screenshot
[main] INFO  net.Phptravels.phptravels.Tours  - closing browser
[main] INFO  net.Phptravels.phptravels.Login  - executing test case for login page.....
[main] INFO  net.Phptravels.phptravels.Login  - launching the browser...
[main] INFO  net.Phptravels.phptravels.Login  - maximizing the window....
[main] INFO  net.Phptravels.phptravels.Login  - entering mail id:raj@gmail.com
[main] INFO  net.Phptravels.phptravels.Login  - entering the password....
[main] INFO  net.Phptravels.phptravels.Login  - clicked on login button
[main] INFO  net.Phptravels.phptravels.Login  - taking screenshot.....
[main] INFO  net.Phptravels.phptravels.Login  - closing browser
[main] INFO  net.Phptravels.phptravels.SignUp  - executing test case for signup page.....
[main] INFO  net.Phptravels.phptravels.SignUp  - launching the browser...
[main] INFO  net.Phptravels.phptravels.SignUp  - maximizing the window....
[main] INFO  net.Phptravels.phptravels.SignUp  - entering first name:raj
[main] INFO  net.Phptravels.phptravels.SignUp  - entering last name:malhotra
[main] INFO  net.Phptravels.phptravels.SignUp  - entering mobile number:1234567890
[main] INFO  net.Phptravels.phptravels.SignUp  - entering email id:raj@gmail.com
[main] INFO  net.Phptravels.phptravels.SignUp  - entering password.....
[main] INFO  net.Phptravels.phptravels.SignUp  - clicked on sign up button
[main] INFO  net.Phptravels.phptravels.SignUp  - taking screenshot
[main] INFO  net.Phptravels.phptravels.SignUp  - closing browser
[main] INFO  net.Phptravels.phptravels.SignUp  - executing test case for signup page.....
[main] INFO  net.Phptravels.phptravels.SignUp  - launching the browser...
[main] INFO  net.Phptravels.phptravels.SignUp  - maximizing the window....
[main] INFO  net.Phptravels.phptravels.SignUp  - entering first name:raj
[main] INFO  net.Phptravels.phptravels.SignUp  - entering last name:malhotra
[main] INFO  net.Phptravels.phptravels.SignUp  - entering mobile number:1234567890
[main] INFO  net.Phptravels.phptravels.SignUp  - entering email id:raj@gmail.com
[main] INFO  net.Phptravels.phptravels.SignUp  - entering password.....
[main] INFO  net.Phptravels.phptravels.SignUp  - clicked on sign up button
[main] INFO  net.Phptravels.phptravels.SignUp  - taking screenshot
[main] INFO  net.Phptravels.phptravels.SignUp  - closing browser
[main] INFO  net.Phptravels.phptravels.SignUp  - executing test case for signup page.....
[main] INFO  net.Phptravels.phptravels.SignUp  - launching the browser...
[main] INFO  net.Phptravels.phptravels.SignUp  - maximizing the window....
[main] INFO  net.Phptravels.phptravels.SignUp  - entering first name:raj
[main] INFO  net.Phptravels.phptravels.SignUp  - entering last name:malhotra
[main] INFO  net.Phptravels.phptravels.SignUp  - entering mobile number:1234567890
[main] INFO  net.Phptravels.phptravels.SignUp  - entering email id:raj@gmail.com
[main] INFO  net.Phptravels.phptravels.SignUp  - entering password.....
[main] INFO  net.Phptravels.phptravels.SignUp  - clicked on sign up button
[main] INFO  net.Phptravels.phptravels.SignUp  - executing test case for signup page.....
[main] INFO  net.Phptravels.phptravels.SignUp  - launching the browser...
[main] INFO  net.Phptravels.phptravels.SignUp  - maximizing the window....
[main] INFO  net.Phptravels.phptravels.SignUp  - entering first name:raj
[main] INFO  net.Phptravels.phptravels.SignUp  - entering last name:malhotra
[main] INFO  net.Phptravels.phptravels.SignUp  - entering mobile number:1234567890
[main] INFO  net.Phptravels.phptravels.SignUp  - entering email id:raj@gmail.com
[main] INFO  net.Phptravels.phptravels.SignUp  - entering password.....
[main] INFO  net.Phptravels.phptravels.SignUp  - clicked on sign up button
[main] INFO  net.Phptravels.phptravels.SignUp  - taking screenshot
[main] INFO  net.Phptravels.phptravels.SignUp  - closing browser
[main] INFO  net.Phptravels.phptravels.SignUp  - executing test case for signup page.....
[main] INFO  net.Phptravels.phptravels.SignUp  - launching the browser...
[main] INFO  net.Phptravels.phptravels.SignUp  - maximizing the window....
[main] INFO  net.Phptravels.phptravels.SignUp  - entering first name:raj
[main] INFO  net.Phptravels.phptravels.SignUp  - entering last name:malhotra
[main] INFO  net.Phptravels.phptravels.SignUp  - entering mobile number:1234567890
[main] INFO  net.Phptravels.phptravels.SignUp  - entering email id:raj@gmail.com
[main] INFO  net.Phptravels.phptravels.SignUp  - entering password.....
[main] INFO  net.Phptravels.phptravels.SignUp  - clicked on sign up button
[main] INFO  net.Phptravels.phptravels.SignUp  - taking screenshot
[main] INFO  net.Phptravels.phptravels.SignUp  - closing browser
[main] INFO  net.Phptravels.phptravels.SignUp  - executing test case for signup page.....
[main] INFO  net.Phptravels.phptravels.SignUp  - launching the browser...
[main] INFO  net.Phptravels.phptravels.SignUp  - maximizing the window....
[main] INFO  net.Phptravels.phptravels.SignUp  - entering first name:raj
[main] INFO  net.Phptravels.phptravels.SignUp  - entering last name:malhotra
[main] INFO  net.Phptravels.phptravels.SignUp  - entering mobile number:1234567890
[main] INFO  net.Phptravels.phptravels.SignUp  - entering email id:raj@gmail.com
[main] INFO  net.Phptravels.phptravels.SignUp  - entering password.....
[main] INFO  net.Phptravels.phptravels.SignUp  - clicked on sign up button
[main] INFO  net.Phptravels.phptravels.SignUp  - taking screenshot
[main] INFO  net.Phptravels.phptravels.SignUp  - closing browser
[main] INFO  net.Phptravels.phptravels.SignUp  - executing test case for signup page.....
[main] INFO  net.Phptravels.phptravels.SignUp  - launching the browser...
[main] INFO  net.Phptravels.phptravels.SignUp  - maximizing the window....
[main] INFO  net.Phptravels.phptravels.SignUp  - entering first name:raj
[main] INFO  net.Phptravels.phptravels.SignUp  - entering last name:malhotra
[main] INFO  net.Phptravels.phptravels.SignUp  - entering mobile number:1234567890
[main] INFO  net.Phptravels.phptravels.SignUp  - entering email id:raj@gmail.com
[main] INFO  net.Phptravels.phptravels.SignUp  - entering password.....
[main] INFO  net.Phptravels.phptravels.SignUp  - clicked on sign up button
[main] INFO  net.Phptravels.phptravels.SignUp  - taking screenshot
[main] INFO  net.Phptravels.phptravels.SignUp  - closing browser
[main] INFO  net.Phptravels.phptravels.SignUp  - executing test case for signup page.....
[main] INFO  net.Phptravels.phptravels.SignUp  - launching the browser...
[main] INFO  net.Phptravels.phptravels.SignUp  - maximizing the window....
[main] INFO  net.Phptravels.phptravels.SignUp  - entering first name:raj
[main] INFO  net.Phptravels.phptravels.SignUp  - entering last name:malhotra
[main] INFO  net.Phptravels.phptravels.SignUp  - entering mobile number:1234567890
[main] INFO  net.Phptravels.phptravels.SignUp  - entering email id:raj@gmail.com
[main] INFO  net.Phptravels.phptravels.SignUp  - entering password.....
[main] INFO  net.Phptravels.phptravels.SignUp  - clicked on sign up button
[main] INFO  net.Phptravels.phptravels.SignUp  - taking screenshot
[main] INFO  net.Phptravels.phptravels.SignUp  - closing browser
